<?xml version="1.0" encoding="UTF-8"?>
<testng-results ignored="0" total="1" passed="1" failed="0" skipped="0">
  <reporter-output>
  </reporter-output>
  <suite started-at="2024-08-26T13:15:25 IST" name="Default suite" finished-at="2024-08-26T13:15:27 IST" duration-ms="1876">
    <groups>
    </groups>
    <test started-at="2024-08-26T13:15:25 IST" name="Default test" finished-at="2024-08-26T13:15:27 IST" duration-ms="1876">
      <class name="Learn_REST_API.Retrieve_JsonArray_Elements">
        <test-method signature="Retieve_Json()[pri:0, instance:Learn_REST_API.Retrieve_JsonArray_Elements@193f604a]" started-at="2024-08-26T13:15:25 IST" name="Retieve_Json" finished-at="2024-08-26T13:15:27 IST" duration-ms="1830" status="PASS">
          <reporter-output>
          </reporter-output>
        </test-method> <!-- Retieve_Json -->
      </class> <!-- Learn_REST_API.Retrieve_JsonArray_Elements -->
    </test> <!-- Default test -->
  </suite> <!-- Default suite -->
</testng-results>
